<?xml version="1.0" encoding="UTF-8"?>
<testsuite name="com.example.account.service.LockAopAspectTest" tests="2" skipped="0" failures="0" errors="0" timestamp="2022-10-29T02:52:20" hostname="DESKTOP-POK88TO" time="0.021">
  <properties/>
  <testcase name="lockAndUnlock()" classname="com.example.account.service.LockAopAspectTest" time="0.018"/>
  <testcase name="lockAndUnlock_evenIfThrow()" classname="com.example.account.service.LockAopAspectTest" time="0.002"/>
  <system-out><![CDATA[]]></system-out>
  <system-err><![CDATA[]]></system-err>
</testsuite>
